



   ---------------------------------------------------------------------------
     START OF THE SEQUENTIAL LEAST SQUARES PROGRAMMING ALGORIT  
   ---------------------------------------------------------------------------

     PARAMETERS:
        ACC =   0.1000D-05
        MAXITER =500
        IPRINT =   1
IOUT =  60


     ITER =    1     OBJ = -0.50000001E+06
     ITER =    2     OBJ = -0.50000004E+06
     ITER =    3     OBJ = -0.50000022E+06
     ITER =    4     OBJ = -0.50000112E+06
     ITER =    5     OBJ = -0.50000561E+06
     ITER =    6     OBJ = -0.50002805E+06
     ITER =    7     OBJ = -0.50114256E+06
     ITER =    8     OBJ = -0.50121155E+06
     ITER =    9     OBJ = -0.50152195E+06
     ITER =   10     OBJ = -0.50230100E+06
     ITER =   11     OBJ = -0.50230100E+06
     ITER =   12     OBJ = -0.50277878E+06
     ITER =   13     OBJ = -0.50364156E+06
     ITER =   14     OBJ = -0.50388513E+06
     ITER =   15     OBJ = -0.50476699E+06
     ITER =   16     OBJ = -0.50476699E+06
     ITER =   17     OBJ = -0.50482273E+06
     ITER =   18     OBJ = -0.50482446E+06
     ITER =   19     OBJ = -0.48955551E+06
     ITER =   20     OBJ = -0.48766919E+06
     ITER =   21     OBJ = -0.48766919E+06
     ITER =   22     OBJ = -0.48767050E+06
     ITER =   23     OBJ = -0.48767704E+06
     ITER =   24     OBJ = -0.48770975E+06
     ITER =   25     OBJ = -0.49863371E+06
     ITER =   26     OBJ = -0.49863371E+06
     ITER =   27     OBJ = -0.49866223E+06
     ITER =   28     OBJ = -0.50457123E+06
     ITER =   29     OBJ = -0.50359620E+06
     ITER =   30     OBJ = -0.50359620E+06
     ITER =   31     OBJ = -0.50359996E+06
     ITER =   32     OBJ = -0.51717033E+06
     ITER =   34     OBJ = -0.51717045E+06
     ITER =   35     OBJ = -0.51717145E+06
     ITER =   36     OBJ = -0.51717647E+06
     ITER =   37     OBJ = -0.51720155E+06
     ITER =   38     OBJ = -0.51732654E+06
     ITER =   39     OBJ = -0.51792581E+06
     ITER =   40     OBJ = -0.51876014E+06
     ITER =   41     OBJ = -0.51891701E+06
     ITER =   42     OBJ = -0.51918094E+06
     ITER =   43     OBJ = -0.51924327E+06
     ITER =   44     OBJ = -0.51933548E+06
     ITER =   45     OBJ = -0.51936038E+06
     ITER =   46     OBJ = -0.51939474E+06
     ITER =   47     OBJ = -0.51940519E+06
     ITER =   48     OBJ = -0.51940845E+06
     ITER =   49     OBJ = -0.51941073E+06
     ITER =   50     OBJ = -0.51941073E+06
     ITER =   51     OBJ = -0.51942909E+06
     ITER =   52     OBJ = -0.51942909E+06
     ITER =   53     OBJ = -0.51942909E+06
     ITER =   54     OBJ = -0.51942909E+06
     ITER =   55     OBJ = -0.51942909E+06
     ITER =   56     OBJ = -0.51942909E+06
     ITER =   57     OBJ = -0.51942909E+06
     ITER =   58     OBJ = -0.51942909E+06
     ITER =   59     OBJ = -0.51942909E+06
     ITER =   60     OBJ = -0.51942909E+06
     ITER =   61     OBJ = -0.51942909E+06
     ITER =   62     OBJ = -0.51942909E+06
     ITER =   63     OBJ = -0.51942909E+06
     ITER =   64     OBJ = -0.51942909E+06
     ITER =   65     OBJ = -0.51942909E+06
     ITER =   66     OBJ = -0.51942909E+06
     ITER =   67     OBJ = -0.51942909E+06
     ITER =   68     OBJ = -0.51942909E+06
     ITER =   69     OBJ = -0.51942909E+06
     ITER =   70     OBJ = -0.51942909E+06
     ITER =   71     OBJ = -0.51942909E+06
     ITER =   72     OBJ = -0.51942909E+06
     ITER =   73     OBJ = -0.51942909E+06
     ITER =   74     OBJ = -0.51942909E+06
     ITER =   75     OBJ = -0.51942909E+06
     ITER =   76     OBJ = -0.51942909E+06
     ITER =   77     OBJ = -0.51942909E+06
     ITER =   78     OBJ = -0.51942909E+06
     ITER =   79     OBJ = -0.51942909E+06
     ITER =   80     OBJ = -0.51942909E+06
     ITER =   81     OBJ = -0.51942909E+06
     ITER =   82     OBJ = -0.51942909E+06
     ITER =   83     OBJ = -0.51942909E+06
     ITER =   84     OBJ = -0.51942909E+06
     ITER =   85     OBJ = -0.51942909E+06
     ITER =   86     OBJ = -0.51942909E+06
     ITER =   87     OBJ = -0.51942909E+06
     ITER =   88     OBJ = -0.51942909E+06
     ITER =   89     OBJ = -0.51942909E+06
     ITER =   90     OBJ = -0.51942909E+06
     ITER =   91     OBJ = -0.51942909E+06
     ITER =   92     OBJ = -0.51942909E+06
     ITER =   93     OBJ = -0.51942909E+06
     ITER =   94     OBJ = -0.51942909E+06
     ITER =   95     OBJ = -0.51942909E+06
     ITER =   96     OBJ = -0.51942909E+06
     ITER =   97     OBJ = -0.51942909E+06
     ITER =   98     OBJ = -0.51942909E+06
     ITER =   99     OBJ = -0.51942909E+06
     ITER =  100     OBJ = -0.51942909E+06
     ITER =  101     OBJ = -0.51942909E+06
     ITER =  102     OBJ = -0.51942909E+06
     ITER =  103     OBJ = -0.51942909E+06
     ITER =  104     OBJ = -0.51942909E+06
     ITER =  105     OBJ = -0.51942909E+06
     ITER =  106     OBJ = -0.51942909E+06
     ITER =  107     OBJ = -0.51942909E+06
     ITER =  108     OBJ = -0.51942909E+06
     ITER =  109     OBJ = -0.51942909E+06
     ITER =  110     OBJ = -0.51942909E+06
     ITER =  111     OBJ = -0.51942910E+06
     ITER =  112     OBJ = -0.51942914E+06
     ITER =  113     OBJ = -0.51942937E+06
     ITER =  114     OBJ = -0.51943052E+06
     ITER =  115     OBJ = -0.51943625E+06
     ITER =  116     OBJ = -0.51946502E+06
     ITER =  117     OBJ = -0.52031432E+06
     ITER =  118     OBJ = -0.52031432E+06
     ITER =  119     OBJ = -0.52031432E+06
     ITER =  120     OBJ = -0.52031432E+06
     ITER =  121     OBJ = -0.52031432E+06
     ITER =  122     OBJ = -0.52031432E+06
     ITER =  123     OBJ = -0.52031432E+06
     ITER =  124     OBJ = -0.52031432E+06
     ITER =  125     OBJ = -0.52031432E+06
     ITER =  126     OBJ = -0.52031432E+06
     ITER =  127     OBJ = -0.52031432E+06
     ITER =  128     OBJ = -0.52031432E+06
     ITER =  129     OBJ = -0.52031432E+06
     ITER =  130     OBJ = -0.52031432E+06
     ITER =  131     OBJ = -0.52031432E+06
     ITER =  132     OBJ = -0.52031432E+06
     ITER =  133     OBJ = -0.52031432E+06
     ITER =  134     OBJ = -0.52031432E+06
     ITER =  135     OBJ = -0.52044270E+06
     ITER =  136     OBJ = -0.52044270E+06
     ITER =  137     OBJ = -0.52044270E+06
     ITER =  138     OBJ = -0.52044270E+06
     ITER =  139     OBJ = -0.52044270E+06
     ITER =  140     OBJ = -0.52044270E+06
     ITER =  141     OBJ = -0.52044270E+06
     ITER =  142     OBJ = -0.52044270E+06
     ITER =  143     OBJ = -0.52044270E+06
     ITER =  144     OBJ = -0.52044423E+06
     ITER =  145     OBJ = -0.52044467E+06
     ITER =  146     OBJ = -0.52044497E+06
     ITER =  147     OBJ = -0.52044512E+06
     ITER =  148     OBJ = -0.52044516E+06
     ITER =  149     OBJ = -0.52044518E+06
     ITER =  150     OBJ = -0.52044518E+06
     ITER =  151     OBJ = -0.52044518E+06
     ITER =  152     OBJ = -0.52044518E+06
     ITER =  153     OBJ = -0.52044518E+06
     ITER =  154     OBJ = -0.52044518E+06
     ITER =  155     OBJ = -0.52044518E+06
     ITER =  156     OBJ = -0.52044518E+06
     ITER =  157     OBJ = -0.52044518E+06
     ITER =  158     OBJ = -0.52044518E+06
     ITER =  159     OBJ = -0.52044518E+06
     ITER =  160     OBJ = -0.52044518E+06
     ITER =  161     OBJ = -0.52044518E+06
     ITER =  162     OBJ = -0.52044518E+06
     ITER =  163     OBJ = -0.52044518E+06
     ITER =  164     OBJ = -0.52044518E+06
     ITER =  165     OBJ = -0.52044518E+06
     ITER =  166     OBJ = -0.52044518E+06
     ITER =  167     OBJ = -0.52044518E+06
     ITER =  168     OBJ = -0.52044518E+06
     ITER =  169     OBJ = -0.52044518E+06
     ITER =  171     OBJ = -0.52044518E+06
     ITER =  172     OBJ = -0.52044518E+06
     ITER =  173     OBJ = -0.52044569E+06
     ITER =  174     OBJ = -0.52044821E+06
     ITER =  175     OBJ = -0.52046084E+06
     ITER =  176     OBJ = -0.52052406E+06
     ITER =  177     OBJ = -0.52052406E+06
     ITER =  178     OBJ = -0.52242229E+06
     ITER =  179     OBJ = -0.52242229E+06
     ITER =  180     OBJ = -0.52244557E+06
     ITER =  181     OBJ = -0.52254932E+06
     ITER =  182     OBJ = -0.52517201E+06
     ITER =  183     OBJ = -0.52636129E+06
     ITER =  184     OBJ = -0.52758233E+06
     ITER =  185     OBJ = -0.52758302E+06
     ITER =  186     OBJ = -0.52758646E+06
     ITER =  187     OBJ = -0.52760368E+06
     ITER =  188     OBJ = -0.52768978E+06
     ITER =  189     OBJ = -0.52812099E+06
     ITER =  190     OBJ = -0.53024000E+06
     ITER =  191     OBJ = -0.53333264E+06
     ITER =  192     OBJ = -0.53333264E+06
     ITER =  193     OBJ = -0.53333344E+06
     ITER =  194     OBJ = -0.53333745E+06
     ITER =  195     OBJ = -0.53335750E+06
     ITER =  196     OBJ = -0.53345760E+06
     ITER =  197     OBJ = -0.53395443E+06
     ITER =  198     OBJ = -0.53630754E+06
     ITER =  199     OBJ = -0.53630754E+06
     ITER =  200     OBJ = -0.53630754E+06
     ITER =  201     OBJ = -0.53630754E+06
     ITER =  202     OBJ = -0.53630892E+06
     ITER =  203     OBJ = -0.53630979E+06
     ITER =  204     OBJ = -0.53630988E+06
     ITER =  205     OBJ = -0.53630992E+06
     ITER =  206     OBJ = -0.53630995E+06
     ITER =  207     OBJ = -0.53630996E+06
     ITER =  208     OBJ = -0.53630996E+06
     ITER =  209     OBJ = -0.53630997E+06
     ITER =  210     OBJ = -0.53630997E+06
     ITER =  211     OBJ = -0.53630997E+06
     ITER =  213     OBJ = -0.53630997E+06
     ITER =  214     OBJ = -0.53630997E+06
     ITER =  215     OBJ = -0.53630997E+06
     ITER =  216     OBJ = -0.53630997E+06
     ITER =  217     OBJ = -0.53630997E+06
     ITER =  218     OBJ = -0.53630997E+06
     ITER =  219     OBJ = -0.53630997E+06
     ITER =  220     OBJ = -0.53630997E+06
     ITER =  221     OBJ = -0.53630997E+06
     ITER =  222     OBJ = -0.53630997E+06
     ITER =  223     OBJ = -0.53630997E+06
     ITER =  224     OBJ = -0.53630997E+06
     ITER =  225     OBJ = -0.53630997E+06
     ITER =  226     OBJ = -0.53630997E+06
     ITER =  227     OBJ = -0.53630997E+06
     ITER =  228     OBJ = -0.53630997E+06
     ITER =  229     OBJ = -0.53630997E+06
     ITER =  230     OBJ = -0.53630997E+06
     ITER =  231     OBJ = -0.53630997E+06
     ITER =  232     OBJ = -0.53630997E+06
     ITER =  233     OBJ = -0.53630997E+06
     ITER =  234     OBJ = -0.53630997E+06
     ITER =  235     OBJ = -0.53630997E+06
     ITER =  236     OBJ = -0.53630997E+06
     ITER =  237     OBJ = -0.53630997E+06
     ITER =  238     OBJ = -0.53630997E+06
     ITER =  239     OBJ = -0.53630997E+06
     ITER =  240     OBJ = -0.53630997E+06
     ITER =  241     OBJ = -0.53630997E+06
     ITER =  242     OBJ = -0.53630997E+06
     ITER =  243     OBJ = -0.53630997E+06
     ITER =  244     OBJ = -0.53630997E+06
     ITER =  245     OBJ = -0.53630997E+06
     ITER =  246     OBJ = -0.53630997E+06
     ITER =  247     OBJ = -0.53630997E+06
     ITER =  248     OBJ = -0.53630997E+06
     ITER =  249     OBJ = -0.53630997E+06
     ITER =  250     OBJ = -0.53630997E+06
     ITER =  251     OBJ = -0.53630997E+06
     ITER =  252     OBJ = -0.53630997E+06
     ITER =  253     OBJ = -0.53630997E+06
     ITER =  254     OBJ = -0.53630997E+06
     ITER =  255     OBJ = -0.53630997E+06
     ITER =  256     OBJ = -0.53630997E+06
     ITER =  257     OBJ = -0.53630997E+06
     ITER =  258     OBJ = -0.53630997E+06
     ITER =  259     OBJ = -0.53630997E+06
     ITER =  260     OBJ = -0.53630997E+06
     ITER =  261     OBJ = -0.53630997E+06
     ITER =  262     OBJ = -0.53630997E+06
     ITER =  263     OBJ = -0.53630997E+06
     ITER =  264     OBJ = -0.53630997E+06
     ITER =  265     OBJ = -0.53630997E+06
     ITER =  266     OBJ = -0.53630997E+06
     ITER =  267     OBJ = -0.53630997E+06
     ITER =  268     OBJ = -0.53630997E+06
     ITER =  269     OBJ = -0.53630997E+06
     ITER =  270     OBJ = -0.53630997E+06
     ITER =  271     OBJ = -0.53630997E+06
     ITER =  272     OBJ = -0.53630997E+06
     ITER =  273     OBJ = -0.53630997E+06
     ITER =  274     OBJ = -0.53630997E+06
     ITER =  275     OBJ = -0.53630997E+06
     ITER =  276     OBJ = -0.53630997E+06
     ITER =  277     OBJ = -0.53630997E+06
     ITER =  278     OBJ = -0.53630997E+06
     ITER =  279     OBJ = -0.53630997E+06
     ITER =  280     OBJ = -0.53630997E+06
     ITER =  281     OBJ = -0.53630997E+06
     ITER =  282     OBJ = -0.53630997E+06
     ITER =  283     OBJ = -0.53630997E+06
     ITER =  284     OBJ = -0.53630997E+06
     ITER =  285     OBJ = -0.53630997E+06
     ITER =  286     OBJ = -0.53630997E+06
     ITER =  287     OBJ = -0.53630997E+06
     ITER =  288     OBJ = -0.53630997E+06
     ITER =  289     OBJ = -0.53630997E+06
     ITER =  290     OBJ = -0.53630997E+06
     ITER =  291     OBJ = -0.53630997E+06
     ITER =  292     OBJ = -0.53630997E+06
     ITER =  293     OBJ = -0.53630997E+06
     ITER =  294     OBJ = -0.53630997E+06
     ITER =  295     OBJ = -0.53630997E+06
     ITER =  296     OBJ = -0.53630997E+06
     ITER =  297     OBJ = -0.53630997E+06
     ITER =  298     OBJ = -0.53630997E+06
     ITER =  299     OBJ = -0.53630997E+06
     ITER =  300     OBJ = -0.53630997E+06
     ITER =  301     OBJ = -0.53630997E+06
     ITER =  302     OBJ = -0.53630997E+06
     ITER =  303     OBJ = -0.53630997E+06
     ITER =  304     OBJ = -0.53630997E+06
     ITER =  305     OBJ = -0.53630997E+06
     ITER =  306     OBJ = -0.53630997E+06
     ITER =  307     OBJ = -0.53630997E+06
     ITER =  308     OBJ = -0.53630997E+06
     ITER =  309     OBJ = -0.53630997E+06
     ITER =  310     OBJ = -0.53630997E+06
     ITER =  311     OBJ = -0.53630997E+06
     ITER =  312     OBJ = -0.53630997E+06
     ITER =  313     OBJ = -0.53630997E+06
     ITER =  314     OBJ = -0.53630997E+06
     ITER =  315     OBJ = -0.53630997E+06
     ITER =  316     OBJ = -0.53630997E+06
     ITER =  317     OBJ = -0.53630997E+06
     ITER =  318     OBJ = -0.53630997E+06
     ITER =  319     OBJ = -0.53630997E+06
     ITER =  320     OBJ = -0.53630997E+06
     ITER =  321     OBJ = -0.53630997E+06
     ITER =  322     OBJ = -0.53630997E+06
     ITER =  323     OBJ = -0.53630997E+06
     ITER =  324     OBJ = -0.53630997E+06
     ITER =  325     OBJ = -0.53630997E+06
     ITER =  326     OBJ = -0.53630997E+06
     ITER =  327     OBJ = -0.53630997E+06
     ITER =  328     OBJ = -0.53630997E+06
     ITER =  329     OBJ = -0.53630997E+06
     ITER =  330     OBJ = -0.53630997E+06
     ITER =  331     OBJ = -0.53630997E+06
     ITER =  332     OBJ = -0.53630997E+06
     ITER =  333     OBJ = -0.53630997E+06
     ITER =  334     OBJ = -0.53630997E+06
     ITER =  335     OBJ = -0.53630997E+06
     ITER =  336     OBJ = -0.53630997E+06
     ITER =  337     OBJ = -0.53630997E+06
     ITER =  338     OBJ = -0.53630997E+06
     ITER =  339     OBJ = -0.53630997E+06
     ITER =  340     OBJ = -0.53630997E+06
     ITER =  341     OBJ = -0.53630997E+06
     ITER =  342     OBJ = -0.53630997E+06
     ITER =  343     OBJ = -0.53630997E+06
     ITER =  344     OBJ = -0.53630997E+06
     ITER =  345     OBJ = -0.53630997E+06
     ITER =  346     OBJ = -0.53630997E+06
     ITER =  347     OBJ = -0.53630997E+06
     ITER =  348     OBJ = -0.53630997E+06
     ITER =  349     OBJ = -0.53630997E+06
     ITER =  350     OBJ = -0.53630997E+06
     ITER =  351     OBJ = -0.53630997E+06
     ITER =  352     OBJ = -0.53630997E+06
     ITER =  353     OBJ = -0.53630997E+06
     ITER =  354     OBJ = -0.53630997E+06
     ITER =  355     OBJ = -0.53630997E+06
     ITER =  356     OBJ = -0.53630997E+06
     ITER =  357     OBJ = -0.53630997E+06
     ITER =  358     OBJ = -0.53630997E+06
     ITER =  359     OBJ = -0.53630997E+06
     ITER =  360     OBJ = -0.53630997E+06
     ITER =  361     OBJ = -0.53630997E+06
     ITER =  362     OBJ = -0.53630997E+06
     ITER =  363     OBJ = -0.53630997E+06
     ITER =  364     OBJ = -0.53630997E+06
     ITER =  365     OBJ = -0.53630997E+06
     ITER =  366     OBJ = -0.53630997E+06
     ITER =  367     OBJ = -0.53630997E+06
     ITER =  368     OBJ = -0.53631053E+06
     ITER =  369     OBJ = -0.53631085E+06
     ITER =  370     OBJ = -0.53631093E+06
     ITER =  371     OBJ = -0.53631095E+06
     ITER =  372     OBJ = -0.53631096E+06
     ITER =  373     OBJ = -0.53631096E+06
     ITER =  374     OBJ = -0.53631097E+06
     ITER =  375     OBJ = -0.53631097E+06
     ITER =  376     OBJ = -0.53631097E+06
     ITER =  377     OBJ = -0.53631097E+06
     ITER =  378     OBJ = -0.53631097E+06
     ITER =  379     OBJ = -0.53631097E+06
     ITER =  380     OBJ = -0.53631097E+06
     ITER =  381     OBJ = -0.53631097E+06
     ITER =  382     OBJ = -0.53631097E+06
     ITER =  383     OBJ = -0.53631097E+06
     ITER =  384     OBJ = -0.53631097E+06
     ITER =  385     OBJ = -0.53631097E+06
     ITER =  386     OBJ = -0.53631097E+06
     ITER =  387     OBJ = -0.53631097E+06
     ITER =  388     OBJ = -0.53631097E+06
     ITER =  389     OBJ = -0.53631097E+06
     ITER =  390     OBJ = -0.53631097E+06
     ITER =  391     OBJ = -0.53631097E+06
     ITER =  392     OBJ = -0.53631097E+06
     ITER =  393     OBJ = -0.53631097E+06
     ITER =  394     OBJ = -0.53631097E+06
     ITER =  395     OBJ = -0.53631097E+06
     ITER =  396     OBJ = -0.53631097E+06
     ITER =  397     OBJ = -0.53631097E+06
     ITER =  398     OBJ = -0.53594621E+06
     ITER =  399     OBJ = -0.53594621E+06
     ITER =  400     OBJ = -0.53594621E+06
     ITER =  401     OBJ = -0.53594621E+06
     ITER =  402     OBJ = -0.53594621E+06
     ITER =  403     OBJ = -0.53594913E+06
     ITER =  404     OBJ = -0.53594928E+06
     ITER =  405     OBJ = -0.53594979E+06
     ITER =  406     OBJ = -0.53595114E+06
     ITER =  408     OBJ = -0.53595114E+06
     ITER =  409     OBJ = -0.53595114E+06
     ITER =  410     OBJ = -0.53595114E+06
     ITER =  411     OBJ = -0.53595114E+06
     ITER =  412     OBJ = -0.53595114E+06
     ITER =  413     OBJ = -0.53595114E+06
     ITER =  414     OBJ = -0.53595114E+06
     ITER =  415     OBJ = -0.53595114E+06
     ITER =  416     OBJ = -0.53595114E+06
     ITER =  417     OBJ = -0.53595114E+06
     ITER =  418     OBJ = -0.53595114E+06
     ITER =  419     OBJ = -0.53595114E+06
     ITER =  420     OBJ = -0.53595114E+06
     ITER =  421     OBJ = -0.53595114E+06
     ITER =  422     OBJ = -0.53595114E+06
     ITER =  423     OBJ = -0.53595114E+06
     ITER =  424     OBJ = -0.53595114E+06
     ITER =  425     OBJ = -0.53595114E+06
     ITER =  426     OBJ = -0.53595114E+06
     ITER =  427     OBJ = -0.53595114E+06
     ITER =  428     OBJ = -0.53595114E+06
     ITER =  429     OBJ = -0.53595114E+06
     ITER =  430     OBJ = -0.53595114E+06
     ITER =  431     OBJ = -0.53595114E+06
     ITER =  432     OBJ = -0.53595114E+06
     ITER =  433     OBJ = -0.53595114E+06
     ITER =  434     OBJ = -0.53595114E+06
     ITER =  435     OBJ = -0.53595114E+06
     ITER =  436     OBJ = -0.53595114E+06
     ITER =  437     OBJ = -0.53595114E+06
     ITER =  438     OBJ = -0.53595114E+06
     ITER =  439     OBJ = -0.53595114E+06
     ITER =  440     OBJ = -0.53595114E+06
     ITER =  441     OBJ = -0.53595114E+06
     ITER =  442     OBJ = -0.53595114E+06
     ITER =  443     OBJ = -0.53595114E+06
     ITER =  444     OBJ = -0.53595114E+06
     ITER =  445     OBJ = -0.53595114E+06
     ITER =  446     OBJ = -0.53595114E+06
     ITER =  447     OBJ = -0.53595114E+06
     ITER =  448     OBJ = -0.53595114E+06
     ITER =  449     OBJ = -0.53595114E+06
     ITER =  450     OBJ = -0.53595114E+06
     ITER =  451     OBJ = -0.53595114E+06
     ITER =  452     OBJ = -0.53595114E+06
     ITER =  453     OBJ = -0.53595114E+06
     ITER =  454     OBJ = -0.53595114E+06
     ITER =  455     OBJ = -0.53595114E+06
     ITER =  456     OBJ = -0.53595114E+06
     ITER =  457     OBJ = -0.53595114E+06
     ITER =  458     OBJ = -0.53595114E+06
     ITER =  459     OBJ = -0.53595114E+06
     ITER =  460     OBJ = -0.53595114E+06
     ITER =  461     OBJ = -0.53595114E+06
     ITER =  462     OBJ = -0.53595114E+06
     ITER =  463     OBJ = -0.53595114E+06
     ITER =  464     OBJ = -0.53595114E+06
     ITER =  465     OBJ = -0.53595114E+06
     ITER =  466     OBJ = -0.53595114E+06
     ITER =  467     OBJ = -0.53595114E+06
     ITER =  468     OBJ = -0.53595114E+06
     ITER =  469     OBJ = -0.53595114E+06
     ITER =  470     OBJ = -0.53595114E+06
     ITER =  471     OBJ = -0.53595114E+06
     ITER =  472     OBJ = -0.53595114E+06
     ITER =  473     OBJ = -0.53595114E+06
     ITER =  474     OBJ = -0.53595114E+06
     ITER =  475     OBJ = -0.53595114E+06
     ITER =  476     OBJ = -0.53595114E+06
     ITER =  477     OBJ = -0.53595114E+06
     ITER =  478     OBJ = -0.53595114E+06
     ITER =  479     OBJ = -0.53595114E+06
     ITER =  480     OBJ = -0.53595114E+06
     ITER =  481     OBJ = -0.53595114E+06
     ITER =  482     OBJ = -0.53595114E+06
     ITER =  483     OBJ = -0.53595114E+06
     ITER =  484     OBJ = -0.53595114E+06
     ITER =  485     OBJ = -0.53595114E+06
     ITER =  486     OBJ = -0.53595114E+06
     ITER =  487     OBJ = -0.53595114E+06
     ITER =  488     OBJ = -0.53595114E+06
     ITER =  489     OBJ = -0.53595114E+06
     ITER =  490     OBJ = -0.53595114E+06
     ITER =  491     OBJ = -0.53595114E+06
     ITER =  492     OBJ = -0.53595114E+06
     ITER =  493     OBJ = -0.53595114E+06
     ITER =  494     OBJ = -0.53595114E+06
     ITER =  495     OBJ = -0.53595114E+06
     ITER =  496     OBJ = -0.53595114E+06
     ITER =  497     OBJ = -0.53595114E+06
     ITER =  498     OBJ = -0.53595114E+06
     ITER =  499     OBJ = -0.53595114E+06
     ITER =  500     OBJ = -0.53595114E+06
        NUMBER OF FUNC-CALLS:  NFUNC =4467
        NUMBER OF GRAD-CALLS:  NGRAD = 497
